#
# There is insufficient memory for the Java Runtime Environment to continue.
# Native memory allocation (mmap) failed to map 199229440 bytes for G1 virtual space
# Possible reasons:
#   The system is out of physical RAM or swap space
#   The process is running with CompressedOops enabled, and the Java Heap may be blocking the growth of the native heap
# Possible solutions:
#   Reduce memory load on the system
#   Increase physical memory or swap space
#   Check if swap backing store is full
#   Decrease Java heap size (-Xmx/-Xms)
#   Decrease number of Java threads
#   Decrease Java thread stack sizes (-Xss)
#   Set larger code cache with -XX:ReservedCodeCacheSize=
#   JVM is running with Zero Based Compressed Oops mode in which the Java heap is
#     placed in the first 32GB address space. The Java Heap base address is the
#     maximum limit for the native heap growth. Please use -XX:HeapBaseMinAddress
#     to set the Java Heap base and to place the Java Heap above 32GB virtual address.
# This output file may be truncated or incomplete.
#
#  Out of Memory Error (os_windows.cpp:3550), pid=11196, tid=3520
#
# JRE version:  (17.0.8+9) (build )
# Java VM: Java HotSpot(TM) 64-Bit Server VM (17.0.8+9-LTS-211, mixed mode, sharing, tiered, compressed oops, compressed class ptrs, g1 gc, windows-amd64)
# No core dump will be written. Minidumps are not enabled by default on client versions of Windows
#

---------------  S U M M A R Y ------------

Command Line: 

Host: Intel(R) Core(TM) i3-10110U CPU @ 2.10GHz, 4 cores, 11G,  Windows 11 , 64 bit Build 22621 (10.0.22621.2215)
Time: Mon Sep 11 14:14:33 2023 Hora Padrão de Caracas elapsed time: 0.060499 seconds (0d 0h 0m 0s)

---------------  T H R E A D  ---------------

Current thread (0x0000028470648010):  JavaThread "Unknown thread" [_thread_in_vm, id=3520, stack(0x000000d1f5f00000,0x000000d1f6000000)]

Stack: [0x000000d1f5f00000,0x000000d1f6000000]
Native frames: (J=compiled Java code, j=interpreted, Vv=VM code, C=native code)
V  [jvm.dll+0x677d0a]
V  [jvm.dll+0x7d8c54]
V  [jvm.dll+0x7da3fe]
V  [jvm.dll+0x7daa63]
V  [jvm.dll+0x245c5f]
V  [jvm.dll+0x674bb9]
V  [jvm.dll+0x6694f2]
V  [jvm.dll+0x3031d6]
V  [jvm.dll+0x30a756]
V  [jvm.dll+0x359f9e]
V  [jvm.dll+0x35a1cf]
V  [jvm.dll+0x2da3e8]
V  [jvm.dll+0x2db354]
V  [jvm.dll+0x7aa711]
V  [jvm.dll+0x367b51]
V  [jvm.dll+0x789979]
V  [jvm.dll+0x3eb05f]
V  [jvm.dll+0x3ecae1]
C  [jli.dll+0x5297]
C  [ucrtbase.dll+0x29363]
C  [KERNEL32.DLL+0x1257d]
C  [ntdll.dll+0x5aa68]


---------------  P R O C E S S  ---------------

Threads class SMR info:
_java_thread_list=0x00007fffc62959d8, length=0, elements={
}

Java Threads: ( => current thread )

Other Threads:
  0x000002847069f450 GCTaskThread "GC Thread#0" [stack: 0x000000d1f6000000,0x000000d1f6100000] [id=8724]
  0x00000284706ac110 ConcurrentGCThread "G1 Main Marker" [stack: 0x000000d1f6100000,0x000000d1f6200000] [id=16324]
  0x00000284706adb30 ConcurrentGCThread "G1 Conc#0" [stack: 0x000000d1f6200000,0x000000d1f6300000] [id=11796]

[error occurred during error reporting (printing all threads), id 0xc0000005, EXCEPTION_ACCESS_VIOLATION (0xc0000005) at pc=0x00007fffc5acb047]

VM state: not at safepoint (not fully initialized)

VM Mutex/Monitor currently owned by a thread:  ([mutex/lock_event])
[0x00000284706442d0] Heap_lock - owner thread: 0x0000028470648010

Heap address: 0x0000000742800000, size: 3032 MB, Compressed Oops mode: Zero based, Oop shift amount: 3

CDS archive(s) mapped at: [0x0000000000000000-0x0000000000000000-0x0000000000000000), size 0, SharedBaseAddress: 0x0000000800000000, ArchiveRelocationMode: 1.
Narrow klass base: 0x0000000000000000, Narrow klass shift: 0, Narrow klass range: 0x0

GC Precious Log:
<Empty>

Heap:
 garbage-first heap   total 0K, used 0K [0x0000000742800000, 0x0000000800000000)
  region size 2048K, 0 young (0K), 0 survivors (0K)

[error occurred during error reporting (printing heap information), id 0xc0000005, EXCEPTION_ACCESS_VIOLATION (0xc0000005) at pc=0x00007fffc5eb1499]

GC Heap History (0 events):
No events

Deoptimization events (0 events):
No events

Classes unloaded (0 events):
No events

Classes redefined (0 events):
No events

Internal exceptions (0 events):
No events

VM Operations (0 events):
No events

Events (1 events):
Event: 0.030 Loaded shared library C:\Program Files\Java\jdk-17\bin\java.dll


Dynamic libraries:
0x00007ff6cd600000 - 0x00007ff6cd610000 	C:\Program Files\Java\jdk-17\bin\java.exe
0x00007fffe6e10000 - 0x00007fffe7024000 	C:\WINDOWS\SYSTEM32\ntdll.dll
0x00007fffe5870000 - 0x00007fffe5934000 	C:\WINDOWS\System32\KERNEL32.DLL
0x00007fffe4320000 - 0x00007fffe46c4000 	C:\WINDOWS\System32\KERNELBASE.dll
0x00007fffe4a20000 - 0x00007fffe4b31000 	C:\WINDOWS\System32\ucrtbase.dll
0x00007fffc6790000 - 0x00007fffc67a9000 	C:\Program Files\Java\jdk-17\bin\jli.dll
0x00007fffe4f50000 - 0x00007fffe5000000 	C:\WINDOWS\System32\ADVAPI32.dll
0x00007fffe4d90000 - 0x00007fffe4e37000 	C:\WINDOWS\System32\msvcrt.dll
0x00007fffe5000000 - 0x00007fffe50a6000 	C:\WINDOWS\System32\sechost.dll
0x00007fffe5a20000 - 0x00007fffe5b37000 	C:\WINDOWS\System32\RPCRT4.dll
0x00007fffe50b0000 - 0x00007fffe525e000 	C:\WINDOWS\System32\USER32.dll
0x00007fffe4b40000 - 0x00007fffe4b66000 	C:\WINDOWS\System32\win32u.dll
0x00007fffe5840000 - 0x00007fffe5869000 	C:\WINDOWS\System32\GDI32.dll
0x00007fffe4200000 - 0x00007fffe4318000 	C:\WINDOWS\System32\gdi32full.dll
0x00007fffe4900000 - 0x00007fffe499a000 	C:\WINDOWS\System32\msvcp_win.dll
0x00007fffc6530000 - 0x00007fffc654b000 	C:\Program Files\Java\jdk-17\bin\VCRUNTIME140.dll
0x00007fffc9ec0000 - 0x00007fffca153000 	C:\WINDOWS\WinSxS\amd64_microsoft.windows.common-controls_6595b64144ccf1df_6.0.22621.2215_none_270d72677387dfc3\COMCTL32.dll
0x00007fffd4e90000 - 0x00007fffd4e9a000 	C:\WINDOWS\SYSTEM32\VERSION.dll
0x00007fffe5800000 - 0x00007fffe5831000 	C:\WINDOWS\System32\IMM32.DLL
0x00007fffc6780000 - 0x00007fffc678c000 	C:\Program Files\Java\jdk-17\bin\vcruntime140_1.dll
0x00007fffc64a0000 - 0x00007fffc652e000 	C:\Program Files\Java\jdk-17\bin\msvcp140.dll
0x00007fffc57e0000 - 0x00007fffc63be000 	C:\Program Files\Java\jdk-17\bin\server\jvm.dll
0x00007fffe5370000 - 0x00007fffe5378000 	C:\WINDOWS\System32\PSAPI.DLL
0x00007fffc5780000 - 0x00007fffc5789000 	C:\WINDOWS\SYSTEM32\WSOCK32.dll
0x00007fffe4e40000 - 0x00007fffe4eb1000 	C:\WINDOWS\System32\WS2_32.dll
0x00007fffdcf60000 - 0x00007fffdcf94000 	C:\WINDOWS\SYSTEM32\WINMM.dll
0x00007fffe3150000 - 0x00007fffe3168000 	C:\WINDOWS\SYSTEM32\kernel.appcore.dll
0x00007fffc5500000 - 0x00007fffc550a000 	C:\Program Files\Java\jdk-17\bin\jimage.dll
0x00007fffe12d0000 - 0x00007fffe14fe000 	C:\WINDOWS\SYSTEM32\DBGHELP.DLL
0x00007fffe6910000 - 0x00007fffe6c9a000 	C:\WINDOWS\System32\combase.dll
0x00007fffe5ee0000 - 0x00007fffe5fb7000 	C:\WINDOWS\System32\OLEAUT32.dll
0x00007fffd6150000 - 0x00007fffd6182000 	C:\WINDOWS\SYSTEM32\dbgcore.DLL
0x00007fffe49a0000 - 0x00007fffe4a1a000 	C:\WINDOWS\System32\bcryptPrimitives.dll
0x00007fffc5420000 - 0x00007fffc5445000 	C:\Program Files\Java\jdk-17\bin\java.dll

dbghelp: loaded successfully - version: 4.0.5 - missing functions: none
symbol engine: initialized successfully - sym options: 0x614 - pdb path: .;C:\Program Files\Java\jdk-17\bin;C:\WINDOWS\SYSTEM32;C:\WINDOWS\WinSxS\amd64_microsoft.windows.common-controls_6595b64144ccf1df_6.0.22621.2215_none_270d72677387dfc3;C:\Program Files\Java\jdk-17\bin\server

VM Arguments:
java_command: <unknown>
java_class_path (initial): <not set>
Launcher Type: SUN_STANDARD

[Global flags]
     intx CICompilerCount                          = 3                                         {product} {ergonomic}
     uint ConcGCThreads                            = 1                                         {product} {ergonomic}
     uint G1ConcRefinementThreads                  = 4                                         {product} {ergonomic}
   size_t G1HeapRegionSize                         = 2097152                                   {product} {ergonomic}
    uintx GCDrainStackTargetSize                   = 64                                        {product} {ergonomic}
   size_t InitialHeapSize                          = 199229440                                 {product} {ergonomic}
   size_t MarkStackSize                            = 4194304                                   {product} {ergonomic}
   size_t MaxHeapSize                              = 3179282432                                {product} {ergonomic}
   size_t MinHeapDeltaBytes                        = 2097152                                   {product} {ergonomic}
   size_t MinHeapSize                              = 8388608                                   {product} {ergonomic}
    uintx NonNMethodCodeHeapSize                   = 5832780                                {pd product} {ergonomic}
    uintx NonProfiledCodeHeapSize                  = 122912730                              {pd product} {ergonomic}
    uintx ProfiledCodeHeapSize                     = 122912730                              {pd product} {ergonomic}
    uintx ReservedCodeCacheSize                    = 251658240                              {pd product} {ergonomic}
     bool SegmentedCodeCache                       = true                                      {product} {ergonomic}
   size_t SoftMaxHeapSize                          = 3179282432                             {manageable} {ergonomic}
     bool UseCompressedClassPointers               = true                           {product lp64_product} {ergonomic}
     bool UseCompressedOops                        = true                           {product lp64_product} {ergonomic}
     bool UseG1GC                                  = true                                      {product} {ergonomic}
     bool UseLargePagesIndividualAllocation        = false                                  {pd product} {ergonomic}

Logging:
Log output configuration:
 #0: stdout all=warning uptime,level,tags
 #1: stderr all=off uptime,level,tags

Environment Variables:
PATH=C:\Program Files\Common Files\Oracle\Java\javapath;C:\WINDOWS\system32;C:\WINDOWS;C:\WINDOWS\System32\Wbem;C:\WINDOWS\System32\WindowsPowerShell\v1.0\;C:\WINDOWS\System32\OpenSSH\;C:\Program Files\Git\cmd;C:\Program Files\Docker\Docker\resources\bin;C:\Users\rhaya\AppData\Local\Microsoft\WindowsApps;C:\Users\rhaya\AppData\Local\JetBrains\Toolbox\scripts;;C:\Users\rhaya\AppData\Local\Programs\Microsoft VS Code\bin
USERNAME=rhaya
OS=Windows_NT
PROCESSOR_IDENTIFIER=Intel64 Family 6 Model 142 Stepping 12, GenuineIntel



---------------  S Y S T E M  ---------------

OS:
 Windows 11 , 64 bit Build 22621 (10.0.22621.2215)
OS uptime: 0 days 11:58 hours
Hyper-V role detected

CPU: total 4 (initial active 4) (2 cores per cpu, 2 threads per core) family 6 model 142 stepping 12 microcode 0xf4, cx8, cmov, fxsr, ht, mmx, 3dnowpref, sse, sse2, sse3, ssse3, sse4.1, sse4.2, popcnt, lzcnt, tsc, tscinvbit, avx, avx2, aes, erms, clmul, bmi1, bmi2, adx, fma, vzeroupper, clflush, clflushopt, hv

Memory: 4k page, system-wide physical 12122M (555M free)
TotalPageFile size 42458M (AvailPageFile size 29M)
current process WorkingSet (physical memory assigned to process): 11M, peak: 11M
current process commit charge ("private bytes"): 51M, peak: 241M

vm_info: Java HotSpot(TM) 64-Bit Server VM (17.0.8+9-LTS-211) for windows-amd64 JRE (17.0.8+9-LTS-211), built on Jun 14 2023 10:34:31 by "mach5one" with MS VC++ 17.1 (VS2022)

END.
